Arguments: 
  /usr/local/Cellar/node/11.11.0/bin/node /usr/local/bin/yarn run initial-ios

PATH: 
  /Library/Frameworks/Python.framework/Versions/3.7/bin:/Library/Frameworks/Python.framework/Versions/2.7/bin:/Library/Frameworks/Python.framework/Versions/3.7/bin:/Library/Frameworks/Python.framework/Versions/2.7/bin:/Users/nhattrinh/.rvm/gems/ruby-2.4.1/bin:/Users/nhattrinh/.rvm/gems/ruby-2.4.1@global/bin:/Users/nhattrinh/.rvm/rubies/ruby-2.4.1/bin:/Users/nhattrinh/anaconda3/bin:/usr/local/bin:/usr/bin:/bin:/usr/sbin:/sbin:/usr/local/go/bin:/usr/local/share/dotnet:/Library/Frameworks/Mono.framework/Versions/Current/Commands:/Applications/Wireshark.app/Contents/MacOS:/Users/nhattrinh/Downloads/google-cloud-sdk/bin:/Library/Frameworks/Python.framework/Versions/3.7/bin:/Library/Frameworks/Python.framework/Versions/2.7/bin:/Users/nhattrinh/.rvm/gems/ruby-2.4.1/bin:/Users/nhattrinh/.rvm/gems/ruby-2.4.1@global/bin:/Users/nhattrinh/.rvm/rubies/ruby-2.4.1/bin:/Users/nhattrinh/anaconda3/bin:/usr/local/mysql/bin:/Users/nhattrinh/.rvm/bin:/Applications/Visual Studio Code.app/Contents/Resources/app/bin:/usr/local/mysql/bin:/Applications/Visual Studio Code.app/Contents/Resources/app/bin

Yarn version: 
  1.15.2

Node version: 
  11.11.0

Platform: 
  darwin x64

Trace: 
  SyntaxError: /Users/nhattrinh/Desktop/trafficparty/package.json: Unexpected token } in JSON at position 750
      at JSON.parse (<anonymous>)
      at /usr/local/lib/node_modules/yarn/lib/cli.js:1625:59
      at Generator.next (<anonymous>)
      at step (/usr/local/lib/node_modules/yarn/lib/cli.js:304:30)
      at /usr/local/lib/node_modules/yarn/lib/cli.js:315:13

npm manifest: 
  {
    "main": "node_modules/expo/AppEntry.js",
    "scripts": {
      "start": "expo start",
      "android": "expo start --android",
      "ios": "expo start --ios",
      "eject": "expo eject",
      "initial-ios": "yarn && yarn run ios",
      "initial-android": "yarn && yarn run android"
    },
    "dependencies": {
      "expo": "^32.0.0",
      "firebase": "^5.9.4",
      "react": "16.5.0",
      "react-native": "https://github.com/expo/react-native/archive/sdk-32.0.0.tar.gz",
      "react-navigation": "^3.8.1",
      "react-redux": "^7.0.2",
      "redux": "^4.0.1",
      "redux-persist": "^5.10.0",
      "redux-thunk": "^2.3.0",
      "react-native-linear-gradient": "^2.5.4",
      "react-native-loading-spinner-overlay": "^1.0.1",
      "react-native-mask-loader": "0.0.3",
    },
    "devDependencies": {
      "babel-preset-expo": "^5.0.0"
    },
    "private": true
  }

yarn manifest: 
  No manifest

Lockfile: 
  No lockfile
